[debug] [2025-09-23T08:54:03.479Z] ----------------------------------------------------------------------
[debug] [2025-09-23T08:54:03.484Z] Command:       /Users/byurin/.nvm/versions/node/v22.19.0/bin/node /opt/homebrew/bin/firebase init
[debug] [2025-09-23T08:54:03.484Z] CLI Version:   14.17.0
[debug] [2025-09-23T08:54:03.484Z] Platform:      darwin
[debug] [2025-09-23T08:54:03.484Z] Node Version:  v22.19.0
[debug] [2025-09-23T08:54:03.484Z] Time:          Tue Sep 23 2025 17:54:03 GMT+0900 (Korean Standard Time)
[debug] [2025-09-23T08:54:03.484Z] ----------------------------------------------------------------------
[debug] 
[debug] [2025-09-23T08:54:03.488Z] > command requires scopes: ["email","openid","https://www.googleapis.com/auth/cloudplatformprojects.readonly","https://www.googleapis.com/auth/firebase","https://www.googleapis.com/auth/cloud-platform"]
[debug] [2025-09-23T08:54:03.488Z] > authorizing via signed-in user (simon3397@gmail.com)
[info] 
     ######## #### ########  ######## ########     ###     ######  ########
     ##        ##  ##     ## ##       ##     ##  ##   ##  ##       ##
     ######    ##  ########  ######   ########  #########  ######  ######
     ##        ##  ##    ##  ##       ##     ## ##     ##       ## ##
     ##       #### ##     ## ######## ########  ##     ##  ######  ########

You're about to initialize a Firebase project in this directory:

  /Users/byurin/vigos_admin

[info] 
=== Project Setup
[info] 
[info] First, let's associate this project directory with a Firebase project.
[info] You can create multiple project aliases by running firebase use --add, 
[info] but for now we'll just set up a default project.
[info] 
[debug] [2025-09-23T08:54:49.966Z] Checked if tokens are valid: false, expires at: 1697138234085
[debug] [2025-09-23T08:54:49.966Z] Checked if tokens are valid: false, expires at: 1697138234085
[debug] [2025-09-23T08:54:49.967Z] > refreshing access token with scopes: []
[debug] [2025-09-23T08:54:49.971Z] >>> [apiv2][query] POST https://www.googleapis.com/oauth2/v3/token [none]
[debug] [2025-09-23T08:54:49.971Z] >>> [apiv2][body] POST https://www.googleapis.com/oauth2/v3/token [omitted]
[debug] [2025-09-23T08:54:50.248Z] <<< [apiv2][status] POST https://www.googleapis.com/oauth2/v3/token 400
[debug] [2025-09-23T08:54:50.249Z] <<< [apiv2][body] POST https://www.googleapis.com/oauth2/v3/token [omitted]
[debug] [2025-09-23T08:54:50.249Z] >>> [apiv2][query] GET https://firebase.googleapis.com/v1beta1/projects pageSize=100
[debug] [2025-09-23T08:54:50.459Z] <<< [apiv2][status] GET https://firebase.googleapis.com/v1beta1/projects 401
[debug] [2025-09-23T08:54:50.459Z] <<< [apiv2][body] GET https://firebase.googleapis.com/v1beta1/projects [omitted]
[debug] [2025-09-23T08:54:50.459Z] Got a 401 Unauthenticated error for a call that required authentication. Refreshing tokens.
[debug] [2025-09-23T08:54:50.460Z] Checked if tokens are valid: false, expires at: 1697138234085
[debug] [2025-09-23T08:54:50.460Z] Checked if tokens are valid: false, expires at: 1697138234085
[debug] [2025-09-23T08:54:50.460Z] > refreshing access token with scopes: []
[debug] [2025-09-23T08:54:50.460Z] >>> [apiv2][query] POST https://www.googleapis.com/oauth2/v3/token [none]
[debug] [2025-09-23T08:54:50.461Z] >>> [apiv2][body] POST https://www.googleapis.com/oauth2/v3/token [omitted]
[debug] [2025-09-23T08:54:50.554Z] <<< [apiv2][status] POST https://www.googleapis.com/oauth2/v3/token 400
[debug] [2025-09-23T08:54:50.554Z] <<< [apiv2][body] POST https://www.googleapis.com/oauth2/v3/token [omitted]
[debug] [2025-09-23T08:54:50.556Z] Request to https://firebase.googleapis.com/v1beta1/projects?pageSize=100 had HTTP Error: 401, Request had invalid authentication credentials. Expected OAuth 2 access token, login cookie or other valid authentication credential. See https://developers.google.com/identity/sign-in/web/devconsole-project.
[debug] [2025-09-23T08:54:50.762Z] FirebaseError: Request to https://firebase.googleapis.com/v1beta1/projects?pageSize=100 had HTTP Error: 401, Request had invalid authentication credentials. Expected OAuth 2 access token, login cookie or other valid authentication credential. See https://developers.google.com/identity/sign-in/web/devconsole-project.
    at responseToError (/opt/homebrew/lib/node_modules/firebase-tools/lib/responseToError.js:52:12)
    at RetryOperation._fn (/opt/homebrew/lib/node_modules/firebase-tools/lib/apiv2.js:312:77)
    at process.processTicksAndRejections (node:internal/process/task_queues:105:5)
[error] 
[error] Error: Failed to list Firebase projects. See firebase-debug.log for more info.
